2014-06-30 12:33:03,471 /Users/jodeleeu/Library/Enthought/Canopy_64bit/User/lib/python2.7/site-packages/psiturk/psiturk_js/psiturk.js
2014-06-30 12:33:03,581 /Users/jodeleeu/Library/Enthought/Canopy_64bit/User/lib/python2.7/site-packages/psiturk/psiturk_js/psiturk.js
2014-06-30 12:33:03,664 /Users/jodeleeu/Library/Enthought/Canopy_64bit/User/lib/python2.7/site-packages/psiturk/psiturk_js/psiturk.js
2014-06-30 12:33:03,732 /Users/jodeleeu/Library/Enthought/Canopy_64bit/User/lib/python2.7/site-packages/psiturk/psiturk_js/psiturk.js
2014-06-30 12:33:03,804 /Users/jodeleeu/Library/Enthought/Canopy_64bit/User/lib/python2.7/site-packages/psiturk/psiturk_js/psiturk.js
2014-06-30 12:33:03,908 /Users/jodeleeu/Library/Enthought/Canopy_64bit/User/lib/python2.7/site-packages/psiturk/psiturk_js/psiturk.js
2014-06-30 12:33:03,983 /Users/jodeleeu/Library/Enthought/Canopy_64bit/User/lib/python2.7/site-packages/psiturk/psiturk_js/psiturk.js
2014-06-30 12:33:03,991 /Users/jodeleeu/Library/Enthought/Canopy_64bit/User/lib/python2.7/site-packages/psiturk/psiturk_js/psiturk.js
2014-06-30 12:33:04,076 /Users/jodeleeu/Library/Enthought/Canopy_64bit/User/lib/python2.7/site-packages/psiturk/psiturk_js/psiturk.js
2014-06-30 12:33:04,129 /Users/jodeleeu/Library/Enthought/Canopy_64bit/User/lib/python2.7/site-packages/psiturk/psiturk_js/psiturk.js
2014-06-30 12:33:04,198 /Users/jodeleeu/Library/Enthought/Canopy_64bit/User/lib/python2.7/site-packages/psiturk/psiturk_js/psiturk.js
2014-06-30 12:33:04,258 /Users/jodeleeu/Library/Enthought/Canopy_64bit/User/lib/python2.7/site-packages/psiturk/psiturk_js/psiturk.js
2014-06-30 12:33:04,267 /Users/jodeleeu/Library/Enthought/Canopy_64bit/User/lib/python2.7/site-packages/psiturk/psiturk_js/psiturk.js
2014-06-30 12:33:04,308 /Users/jodeleeu/Library/Enthought/Canopy_64bit/User/lib/python2.7/site-packages/psiturk/psiturk_js/psiturk.js
2014-06-30 12:33:04,359 /Users/jodeleeu/Library/Enthought/Canopy_64bit/User/lib/python2.7/site-packages/psiturk/psiturk_js/psiturk.js
2014-06-30 12:33:04,384 /Users/jodeleeu/Library/Enthought/Canopy_64bit/User/lib/python2.7/site-packages/psiturk/psiturk_js/psiturk.js
2014-06-30 12:33:04,453 /Users/jodeleeu/Library/Enthought/Canopy_64bit/User/lib/python2.7/site-packages/psiturk/psiturk_js/psiturk.js
2014-06-30 17:55:33,314 /Users/jodeleeu/Library/Enthought/Canopy_64bit/User/lib/python2.7/site-packages/psiturk/psiturk_js/psiturk.js
2014-06-30 17:55:33,368 /Users/jodeleeu/Library/Enthought/Canopy_64bit/User/lib/python2.7/site-packages/psiturk/psiturk_js/psiturk.js
2014-06-30 17:55:33,408 /Users/jodeleeu/Library/Enthought/Canopy_64bit/User/lib/python2.7/site-packages/psiturk/psiturk_js/psiturk.js
2014-06-30 17:55:33,412 /Users/jodeleeu/Library/Enthought/Canopy_64bit/User/lib/python2.7/site-packages/psiturk/psiturk_js/psiturk.js
2014-06-30 17:55:33,470 /Users/jodeleeu/Library/Enthought/Canopy_64bit/User/lib/python2.7/site-packages/psiturk/psiturk_js/psiturk.js
2014-06-30 17:55:33,559 /Users/jodeleeu/Library/Enthought/Canopy_64bit/User/lib/python2.7/site-packages/psiturk/psiturk_js/psiturk.js
2014-06-30 17:55:33,592 /Users/jodeleeu/Library/Enthought/Canopy_64bit/User/lib/python2.7/site-packages/psiturk/psiturk_js/psiturk.js
2014-06-30 17:55:33,677 /Users/jodeleeu/Library/Enthought/Canopy_64bit/User/lib/python2.7/site-packages/psiturk/psiturk_js/psiturk.js
2014-06-30 17:55:33,775 /Users/jodeleeu/Library/Enthought/Canopy_64bit/User/lib/python2.7/site-packages/psiturk/psiturk_js/psiturk.js
2014-06-30 17:55:33,803 /Users/jodeleeu/Library/Enthought/Canopy_64bit/User/lib/python2.7/site-packages/psiturk/psiturk_js/psiturk.js
2014-06-30 17:55:33,908 /Users/jodeleeu/Library/Enthought/Canopy_64bit/User/lib/python2.7/site-packages/psiturk/psiturk_js/psiturk.js
2014-06-30 17:55:33,945 /Users/jodeleeu/Library/Enthought/Canopy_64bit/User/lib/python2.7/site-packages/psiturk/psiturk_js/psiturk.js
2014-06-30 17:55:33,974 /Users/jodeleeu/Library/Enthought/Canopy_64bit/User/lib/python2.7/site-packages/psiturk/psiturk_js/psiturk.js
2014-06-30 17:55:34,004 /Users/jodeleeu/Library/Enthought/Canopy_64bit/User/lib/python2.7/site-packages/psiturk/psiturk_js/psiturk.js
2014-06-30 17:55:34,064 /Users/jodeleeu/Library/Enthought/Canopy_64bit/User/lib/python2.7/site-packages/psiturk/psiturk_js/psiturk.js
2014-06-30 17:55:34,068 /Users/jodeleeu/Library/Enthought/Canopy_64bit/User/lib/python2.7/site-packages/psiturk/psiturk_js/psiturk.js
2014-06-30 17:55:34,104 /Users/jodeleeu/Library/Enthought/Canopy_64bit/User/lib/python2.7/site-packages/psiturk/psiturk_js/psiturk.js
2014-06-30 17:55:40,794 Exception on /consent [GET]
Traceback (most recent call last):
  File "/Users/jodeleeu/Library/Enthought/Canopy_64bit/User/lib/python2.7/site-packages/flask/app.py", line 1817, in wsgi_app
    response = self.full_dispatch_request()
  File "/Users/jodeleeu/Library/Enthought/Canopy_64bit/User/lib/python2.7/site-packages/flask/app.py", line 1477, in full_dispatch_request
    rv = self.handle_user_exception(e)
  File "/Users/jodeleeu/Library/Enthought/Canopy_64bit/User/lib/python2.7/site-packages/flask/app.py", line 1381, in handle_user_exception
    reraise(exc_type, exc_value, tb)
  File "/Users/jodeleeu/Library/Enthought/Canopy_64bit/User/lib/python2.7/site-packages/flask/app.py", line 1475, in full_dispatch_request
    rv = self.dispatch_request()
  File "/Users/jodeleeu/Library/Enthought/Canopy_64bit/User/lib/python2.7/site-packages/flask/app.py", line 1461, in dispatch_request
    return self.view_functions[rule.endpoint](**req.view_args)
  File "/Users/jodeleeu/Library/Enthought/Canopy_64bit/User/lib/python2.7/site-packages/psiturk/user_utils.py", line 11, in new_func
    resp = make_response(f(*args, **kwargs))
  File "/Users/jodeleeu/Library/Enthought/Canopy_64bit/User/lib/python2.7/site-packages/psiturk/experiment.py", line 285, in give_consent
    return render_template('consent.html', hitid = hitId, assignmentid=assignmentId, workerid=workerId)
  File "/Users/jodeleeu/Library/Enthought/Canopy_64bit/User/lib/python2.7/site-packages/flask/templating.py", line 127, in render_template
    return _render(ctx.app.jinja_env.get_or_select_template(template_name_or_list),
  File "/Users/jodeleeu/Library/Enthought/Canopy_64bit/User/lib/python2.7/site-packages/jinja2/environment.py", line 830, in get_or_select_template
    return self.get_template(template_name_or_list, parent, globals)
  File "/Users/jodeleeu/Library/Enthought/Canopy_64bit/User/lib/python2.7/site-packages/jinja2/environment.py", line 791, in get_template
    return self._load_template(name, self.make_globals(globals))
  File "/Users/jodeleeu/Library/Enthought/Canopy_64bit/User/lib/python2.7/site-packages/jinja2/environment.py", line 765, in _load_template
    template = self.loader.load(self, name, globals)
  File "/Users/jodeleeu/Library/Enthought/Canopy_64bit/User/lib/python2.7/site-packages/jinja2/loaders.py", line 113, in load
    source, filename, uptodate = self.get_source(environment, name)
  File "/Users/jodeleeu/Library/Enthought/Canopy_64bit/User/lib/python2.7/site-packages/flask/templating.py", line 64, in get_source
    raise TemplateNotFound(template)
TemplateNotFound: consent.html
2014-06-30 17:58:43,082 /Users/jodeleeu/Library/Enthought/Canopy_64bit/User/lib/python2.7/site-packages/psiturk/psiturk_js/psiturk.js
2014-06-30 17:58:43,150 /Users/jodeleeu/Library/Enthought/Canopy_64bit/User/lib/python2.7/site-packages/psiturk/psiturk_js/psiturk.js
2014-06-30 17:58:43,157 /Users/jodeleeu/Library/Enthought/Canopy_64bit/User/lib/python2.7/site-packages/psiturk/psiturk_js/psiturk.js
2014-06-30 17:58:43,171 /Users/jodeleeu/Library/Enthought/Canopy_64bit/User/lib/python2.7/site-packages/psiturk/psiturk_js/psiturk.js
2014-06-30 17:58:43,344 /Users/jodeleeu/Library/Enthought/Canopy_64bit/User/lib/python2.7/site-packages/psiturk/psiturk_js/psiturk.js
2014-06-30 17:58:43,400 /Users/jodeleeu/Library/Enthought/Canopy_64bit/User/lib/python2.7/site-packages/psiturk/psiturk_js/psiturk.js
2014-06-30 17:58:43,514 /Users/jodeleeu/Library/Enthought/Canopy_64bit/User/lib/python2.7/site-packages/psiturk/psiturk_js/psiturk.js
2014-06-30 17:58:43,548 /Users/jodeleeu/Library/Enthought/Canopy_64bit/User/lib/python2.7/site-packages/psiturk/psiturk_js/psiturk.js
2014-06-30 17:58:43,584 /Users/jodeleeu/Library/Enthought/Canopy_64bit/User/lib/python2.7/site-packages/psiturk/psiturk_js/psiturk.js
2014-06-30 17:58:43,634 /Users/jodeleeu/Library/Enthought/Canopy_64bit/User/lib/python2.7/site-packages/psiturk/psiturk_js/psiturk.js
2014-06-30 17:58:43,719 /Users/jodeleeu/Library/Enthought/Canopy_64bit/User/lib/python2.7/site-packages/psiturk/psiturk_js/psiturk.js
2014-06-30 17:58:43,736 /Users/jodeleeu/Library/Enthought/Canopy_64bit/User/lib/python2.7/site-packages/psiturk/psiturk_js/psiturk.js
2014-06-30 17:58:43,781 /Users/jodeleeu/Library/Enthought/Canopy_64bit/User/lib/python2.7/site-packages/psiturk/psiturk_js/psiturk.js
2014-06-30 17:58:43,818 /Users/jodeleeu/Library/Enthought/Canopy_64bit/User/lib/python2.7/site-packages/psiturk/psiturk_js/psiturk.js
2014-06-30 17:58:43,870 /Users/jodeleeu/Library/Enthought/Canopy_64bit/User/lib/python2.7/site-packages/psiturk/psiturk_js/psiturk.js
2014-06-30 17:58:43,879 /Users/jodeleeu/Library/Enthought/Canopy_64bit/User/lib/python2.7/site-packages/psiturk/psiturk_js/psiturk.js
2014-06-30 17:58:43,886 /Users/jodeleeu/Library/Enthought/Canopy_64bit/User/lib/python2.7/site-packages/psiturk/psiturk_js/psiturk.js
2014-06-30 18:03:00,929 Exception on /img/orange.png [GET]
Traceback (most recent call last):
  File "/Users/jodeleeu/Library/Enthought/Canopy_64bit/User/lib/python2.7/site-packages/flask/app.py", line 1817, in wsgi_app
    response = self.full_dispatch_request()
  File "/Users/jodeleeu/Library/Enthought/Canopy_64bit/User/lib/python2.7/site-packages/flask/app.py", line 1477, in full_dispatch_request
    rv = self.handle_user_exception(e)
  File "/Users/jodeleeu/Library/Enthought/Canopy_64bit/User/lib/python2.7/site-packages/flask/app.py", line 1381, in handle_user_exception
    reraise(exc_type, exc_value, tb)
  File "/Users/jodeleeu/Library/Enthought/Canopy_64bit/User/lib/python2.7/site-packages/flask/app.py", line 1475, in full_dispatch_request
    rv = self.dispatch_request()
  File "/Users/jodeleeu/Library/Enthought/Canopy_64bit/User/lib/python2.7/site-packages/flask/app.py", line 1461, in dispatch_request
    return self.view_functions[rule.endpoint](**req.view_args)
  File "/Users/jodeleeu/Library/Enthought/Canopy_64bit/User/lib/python2.7/site-packages/psiturk/experiment.py", line 558, in regularpage
    return render_template(foldername+"/"+pagename)
  File "/Users/jodeleeu/Library/Enthought/Canopy_64bit/User/lib/python2.7/site-packages/flask/templating.py", line 127, in render_template
    return _render(ctx.app.jinja_env.get_or_select_template(template_name_or_list),
  File "/Users/jodeleeu/Library/Enthought/Canopy_64bit/User/lib/python2.7/site-packages/jinja2/environment.py", line 830, in get_or_select_template
    return self.get_template(template_name_or_list, parent, globals)
  File "/Users/jodeleeu/Library/Enthought/Canopy_64bit/User/lib/python2.7/site-packages/jinja2/environment.py", line 791, in get_template
    return self._load_template(name, self.make_globals(globals))
  File "/Users/jodeleeu/Library/Enthought/Canopy_64bit/User/lib/python2.7/site-packages/jinja2/environment.py", line 765, in _load_template
    template = self.loader.load(self, name, globals)
  File "/Users/jodeleeu/Library/Enthought/Canopy_64bit/User/lib/python2.7/site-packages/jinja2/loaders.py", line 113, in load
    source, filename, uptodate = self.get_source(environment, name)
  File "/Users/jodeleeu/Library/Enthought/Canopy_64bit/User/lib/python2.7/site-packages/flask/templating.py", line 64, in get_source
    raise TemplateNotFound(template)
TemplateNotFound: img/orange.png
2014-06-30 18:03:00,929 Exception on /img/blue.png [GET]
Traceback (most recent call last):
  File "/Users/jodeleeu/Library/Enthought/Canopy_64bit/User/lib/python2.7/site-packages/flask/app.py", line 1817, in wsgi_app
    response = self.full_dispatch_request()
  File "/Users/jodeleeu/Library/Enthought/Canopy_64bit/User/lib/python2.7/site-packages/flask/app.py", line 1477, in full_dispatch_request
    rv = self.handle_user_exception(e)
  File "/Users/jodeleeu/Library/Enthought/Canopy_64bit/User/lib/python2.7/site-packages/flask/app.py", line 1381, in handle_user_exception
    reraise(exc_type, exc_value, tb)
  File "/Users/jodeleeu/Library/Enthought/Canopy_64bit/User/lib/python2.7/site-packages/flask/app.py", line 1475, in full_dispatch_request
    rv = self.dispatch_request()
  File "/Users/jodeleeu/Library/Enthought/Canopy_64bit/User/lib/python2.7/site-packages/flask/app.py", line 1461, in dispatch_request
    return self.view_functions[rule.endpoint](**req.view_args)
  File "/Users/jodeleeu/Library/Enthought/Canopy_64bit/User/lib/python2.7/site-packages/psiturk/experiment.py", line 558, in regularpage
    return render_template(foldername+"/"+pagename)
  File "/Users/jodeleeu/Library/Enthought/Canopy_64bit/User/lib/python2.7/site-packages/flask/templating.py", line 127, in render_template
    return _render(ctx.app.jinja_env.get_or_select_template(template_name_or_list),
  File "/Users/jodeleeu/Library/Enthought/Canopy_64bit/User/lib/python2.7/site-packages/jinja2/environment.py", line 830, in get_or_select_template
    return self.get_template(template_name_or_list, parent, globals)
  File "/Users/jodeleeu/Library/Enthought/Canopy_64bit/User/lib/python2.7/site-packages/jinja2/environment.py", line 791, in get_template
    return self._load_template(name, self.make_globals(globals))
  File "/Users/jodeleeu/Library/Enthought/Canopy_64bit/User/lib/python2.7/site-packages/jinja2/environment.py", line 765, in _load_template
    template = self.loader.load(self, name, globals)
  File "/Users/jodeleeu/Library/Enthought/Canopy_64bit/User/lib/python2.7/site-packages/jinja2/loaders.py", line 113, in load
    source, filename, uptodate = self.get_source(environment, name)
  File "/Users/jodeleeu/Library/Enthought/Canopy_64bit/User/lib/python2.7/site-packages/flask/templating.py", line 64, in get_source
    raise TemplateNotFound(template)
TemplateNotFound: img/blue.png
2014-06-30 18:03:55,009 Exception on /complete [GET]
Traceback (most recent call last):
  File "/Users/jodeleeu/Library/Enthought/Canopy_64bit/User/lib/python2.7/site-packages/flask/app.py", line 1817, in wsgi_app
    response = self.full_dispatch_request()
  File "/Users/jodeleeu/Library/Enthought/Canopy_64bit/User/lib/python2.7/site-packages/flask/app.py", line 1477, in full_dispatch_request
    rv = self.handle_user_exception(e)
  File "/Users/jodeleeu/Library/Enthought/Canopy_64bit/User/lib/python2.7/site-packages/flask/app.py", line 1381, in handle_user_exception
    reraise(exc_type, exc_value, tb)
  File "/Users/jodeleeu/Library/Enthought/Canopy_64bit/User/lib/python2.7/site-packages/flask/app.py", line 1475, in full_dispatch_request
    rv = self.dispatch_request()
  File "/Users/jodeleeu/Library/Enthought/Canopy_64bit/User/lib/python2.7/site-packages/flask/app.py", line 1461, in dispatch_request
    return self.view_functions[rule.endpoint](**req.view_args)
  File "/Users/jodeleeu/Library/Enthought/Canopy_64bit/User/lib/python2.7/site-packages/psiturk/user_utils.py", line 11, in new_func
    resp = make_response(f(*args, **kwargs))
  File "/Users/jodeleeu/Library/Enthought/Canopy_64bit/User/lib/python2.7/site-packages/psiturk/experiment.py", line 493, in debug_complete
    return render_template('complete.html')
  File "/Users/jodeleeu/Library/Enthought/Canopy_64bit/User/lib/python2.7/site-packages/flask/templating.py", line 127, in render_template
    return _render(ctx.app.jinja_env.get_or_select_template(template_name_or_list),
  File "/Users/jodeleeu/Library/Enthought/Canopy_64bit/User/lib/python2.7/site-packages/jinja2/environment.py", line 830, in get_or_select_template
    return self.get_template(template_name_or_list, parent, globals)
  File "/Users/jodeleeu/Library/Enthought/Canopy_64bit/User/lib/python2.7/site-packages/jinja2/environment.py", line 791, in get_template
    return self._load_template(name, self.make_globals(globals))
  File "/Users/jodeleeu/Library/Enthought/Canopy_64bit/User/lib/python2.7/site-packages/jinja2/environment.py", line 765, in _load_template
    template = self.loader.load(self, name, globals)
  File "/Users/jodeleeu/Library/Enthought/Canopy_64bit/User/lib/python2.7/site-packages/jinja2/loaders.py", line 113, in load
    source, filename, uptodate = self.get_source(environment, name)
  File "/Users/jodeleeu/Library/Enthought/Canopy_64bit/User/lib/python2.7/site-packages/flask/templating.py", line 64, in get_source
    raise TemplateNotFound(template)
TemplateNotFound: complete.html
